<?xml version="1.0" encoding="UTF-8"?>
<!-- Generated by org.testng.reporters.JUnitReportReporter -->
<testsuite hostname="P5-H838N62" name="TestCases.AdvDay2" tests="1" failures="0" timestamp="10 Jul 2018 09:09:47 GMT" time="4.816" errors="0">
  <testcase name="f" time="4.816" classname="TestCases.AdvDay2"/>
</testsuite> <!-- TestCases.AdvDay2 -->
